 GET /api 304 3.559 ms Mozilla/5.0 (Windows NT 10.0; Win64; x64) AppleWebKit/537.36 (KHTML, like Gecko) Chrome/130.0.0.0 Safari/537.36 Thu, 24 Oct 2024 11:50:42 GMT
 GET /api/dsf 500 1.493 ms Mozilla/5.0 (Windows NT 10.0; Win64; x64) AppleWebKit/537.36 (KHTML, like Gecko) Chrome/130.0.0.0 Safari/537.36 Thu, 24 Oct 2024 11:50:49 GMT 
sd POST /auth/register 500 2.220 ms PostmanRuntime/7.42.0 Fri, 25 Oct 2024 12:54:31 GMT 
 POST /api/auth/register 400 1.537 ms PostmanRuntime/7.42.0 Fri, 25 Oct 2024 12:54:39 GMT 
 POST /api/auth/register 400 17.213 ms PostmanRuntime/7.42.0 Fri, 25 Oct 2024 12:55:17 GMT 
 POST /api/auth/register 201 97.328 ms PostmanRuntime/7.42.0 Fri, 25 Oct 2024 12:55:29 GMT
 POST /api/auth/register 201 5625.130 ms PostmanRuntime/7.42.0 Fri, 25 Oct 2024 12:58:45 GMT
 POST /api/auth/register 400 4727.815 ms PostmanRuntime/7.42.0 Fri, 25 Oct 2024 13:02:24 GMT 
 POST /api/auth/register 201 10222.674 ms PostmanRuntime/7.42.0 Fri, 25 Oct 2024 13:02:44 GMT
 POST /api/auth/login 500 8292.213 ms PostmanRuntime/7.42.0 Fri, 25 Oct 2024 13:02:59 GMT 
 POST /api/auth/login 200 14631.284 ms PostmanRuntime/7.42.0 Fri, 25 Oct 2024 13:21:01 GMT
 POST /api/auth/login 403 30334.304 ms PostmanRuntime/7.42.0 Fri, 25 Oct 2024 13:23:43 GMT 
 POST /api/auth/login 401 4871.787 ms PostmanRuntime/7.42.0 Fri, 25 Oct 2024 13:24:05 GMT 
 POST /api/auth/login 200 47033.281 ms PostmanRuntime/7.42.0 Fri, 25 Oct 2024 13:24:59 GMT
 POST /api/auth/login 200 60.061 ms PostmanRuntime/7.42.0 Fri, 25 Oct 2024 13:25:43 GMT
 POST /api/auth/login 403 12.726 ms PostmanRuntime/7.42.0 Fri, 25 Oct 2024 13:27:47 GMT 
 POST /api/auth/login 200 73.508 ms PostmanRuntime/7.42.0 Fri, 25 Oct 2024 18:47:13 GMT
 POST /api/product 500 9.202 ms PostmanRuntime/7.42.0 Fri, 25 Oct 2024 19:20:22 GMT 
 POST /api/product 500 1.534 ms PostmanRuntime/7.42.0 Fri, 25 Oct 2024 19:21:16 GMT 
 GET /api/product 500 1.189 ms PostmanRuntime/7.42.0 Fri, 25 Oct 2024 19:21:24 GMT 
 GET /api/product 201 13.688 ms PostmanRuntime/7.42.0 Fri, 25 Oct 2024 19:22:33 GMT
 POST /api/product 400 8.495 ms PostmanRuntime/7.42.0 Fri, 25 Oct 2024 19:22:38 GMT 
 POST /api/product 400 33126.206 ms PostmanRuntime/7.42.0 Fri, 25 Oct 2024 19:24:01 GMT 
 POST /api/product 400 19297.239 ms PostmanRuntime/7.42.0 Fri, 25 Oct 2024 19:26:18 GMT 
 POST /api/product 400 269098.184 ms PostmanRuntime/7.42.0 Fri, 25 Oct 2024 19:30:59 GMT 
 POST /api/product 200 31461.767 ms PostmanRuntime/7.42.0 Fri, 25 Oct 2024 19:32:12 GMT
 GET /api/product 201 32.911 ms PostmanRuntime/7.42.0 Fri, 25 Oct 2024 19:33:31 GMT
 GET /api/category 200 37.116 ms PostmanRuntime/7.42.0 Fri, 25 Oct 2024 19:47:54 GMT
 POST /api/category 500 13.237 ms PostmanRuntime/7.42.0 Fri, 25 Oct 2024 19:56:46 GMT 
 POST /api/product 400 2.933 ms PostmanRuntime/7.42.0 Fri, 25 Oct 2024 19:56:55 GMT 
 PUT /api/product 400 1.336 ms PostmanRuntime/7.42.0 Fri, 25 Oct 2024 19:57:06 GMT 
 GET /api/product 200 17.463 ms PostmanRuntime/7.42.0 Fri, 25 Oct 2024 20:01:35 GMT
 PUT /api/product 400 5.563 ms PostmanRuntime/7.42.0 Fri, 25 Oct 2024 20:02:13 GMT 
 PUT /api/product 400 15.125 ms PostmanRuntime/7.42.0 Fri, 25 Oct 2024 20:02:20 GMT 
 PUT /api/product 400 7.260 ms PostmanRuntime/7.42.0 Fri, 25 Oct 2024 20:02:27 GMT 
 PUT /api/product 200 20737.066 ms PostmanRuntime/7.42.0 Fri, 25 Oct 2024 20:03:34 GMT
 GET /api/product 200 5.981 ms PostmanRuntime/7.42.0 Fri, 25 Oct 2024 20:03:46 GMT
 GET /api/product 200 5.694 ms PostmanRuntime/7.42.0 Fri, 25 Oct 2024 20:03:57 GMT
 PUT /api/product 200 42595.284 ms PostmanRuntime/7.42.0 Fri, 25 Oct 2024 20:04:53 GMT
 PUT /api/product 400 28934.074 ms PostmanRuntime/7.42.0 Fri, 25 Oct 2024 20:17:22 GMT 
 PUT /api/product 400 18532.476 ms PostmanRuntime/7.42.0 Fri, 25 Oct 2024 20:17:51 GMT 
 PUT /api/product 400 6805.730 ms PostmanRuntime/7.42.0 Fri, 25 Oct 2024 20:18:15 GMT 
 GET /api/product 200 16.886 ms PostmanRuntime/7.42.0 Fri, 25 Oct 2024 20:20:28 GMT
 PUT /api/product 200 24.462 ms PostmanRuntime/7.42.0 Fri, 25 Oct 2024 20:20:55 GMT
 GET /api/product 200 4.915 ms PostmanRuntime/7.42.0 Fri, 25 Oct 2024 20:21:11 GMT
 GET /api/product 200 18.404 ms PostmanRuntime/7.42.0 Fri, 25 Oct 2024 20:22:31 GMT
 PUT /api/product 200 16.921 ms PostmanRuntime/7.42.0 Fri, 25 Oct 2024 20:22:35 GMT
 POST /api/product 400 1.825 ms PostmanRuntime/7.42.0 Fri, 25 Oct 2024 20:23:09 GMT 
 GET /api/product 200 5.188 ms PostmanRuntime/7.42.0 Fri, 25 Oct 2024 20:23:17 GMT
